<?xml version="1.0" encoding="UTF-8"?>
<!-- Generated by org.testng.reporters.JUnitXMLReporter -->
<testsuite hostname="Prabhukrishnan" name="MRB Demo Admin Smoke Suite" tests="7" failures="1" timestamp="21 Apr 2021 15:08:22 GMT" time="340.752" errors="0">
  <testcase name="verifyAuthScreen" time="14.411" classname="testcases.DEMO.admin.login.E2E01_Verify_User_able_to_Login_into_MRB_Admin_Successfully_with_Valid_Credentials"/>
  <testcase name="verifyAuthScreen" time="19.7" classname="testcases.DEMO.admin.login.E2E02_Verify_User_able_to_Logout_from_MRB_Admin_After_Successful_Login"/>
  <testcase name="verifySuspendScreen" time="73.093" classname="testcases.DEMO.admin.customerManagement.E2E01_Verify_User_able_to_Suspend_and_Approve_User_Successfully_in_Admin">
    <failure type="java.lang.RuntimeException" message="FAILED">
      <![CDATA[java.lang.RuntimeException: FAILED
	at utils.Reporter.reportStep(Reporter.java:29)
	at wrappers.GenericWrappers.clickWrapper(GenericWrappers.java:365)
	at wrappers.GenericWrappers.clickByXpath(GenericWrappers.java:749)
	at pages.DEMO.admin.CustomerManagementPage.clickSuspendMenu(CustomerManagementPage.java:145)
	at testcases.DEMO.admin.customerManagement.E2E01_Verify_User_able_to_Suspend_and_Approve_User_Successfully_in_Admin.verifySuspendScreen(E2E01_Verify_User_able_to_Suspend_and_Approve_User_Successfully_in_Admin.java:36)
... Removed 24 stack frames]]>
    </failure>
  </testcase> <!-- verifySuspendScreen -->
  <testcase name="verifyActivateScreen" time="55.676" classname="testcases.DEMO.admin.customerManagement.E2E02_Verify_User_able_to_Activate_and_Approve_User_Successfully_in_Admin"/>
  <testcase name="verifySuspendScreen" time="47.851" classname="testcases.DEMO.admin.customerManagement.E2E03_Verify_User_able_to_View_Data_of_the_User_in_Admin"/>
  <testcase name="verifySuspendApproveScreen" time="50.48" classname="testcases.DEMO.admin.customerManagement.E2E01_Verify_User_able_to_Suspend_and_Approve_User_Successfully_in_Admin"/>
  <testcase name="verifyActivateApproveScreen" time="49.75" classname="testcases.DEMO.admin.customerManagement.E2E02_Verify_User_able_to_Activate_and_Approve_User_Successfully_in_Admin"/>
</testsuite> <!-- MRB Demo Admin Smoke Suite -->
