<?xml version="1.0" encoding="UTF-8"?>
<!-- Generated by org.testng.reporters.JUnitXMLReporter -->
<testsuite hostname="Prabhukrishnan" name="MRB DEMO IB Smoke Suite" tests="3" failures="0" timestamp="21 Apr 2021 15:18:57 GMT" time="135.165" errors="0">
  <testcase name="verifyAuthScreen" time="39.852" classname="testcases.DEMO.login.E2E01_Verify_User_able_to_Login_into_MRB_Successfully_with_Valid_Credentials"/>
  <testcase name="verifyAuthScreen" time="43.526" classname="testcases.DEMO.login.E2E02_Verify_User_able_to_Logout_Successfully_from_MRB_After_Login"/>
  <testcase name="verifyAuthScreen" time="38.688" classname="testcases.DEMO.login.E2E03_Verify_User_able_to_verify_Dashboard_Page_in_MRB"/>
</testsuite> <!-- MRB DEMO IB Smoke Suite -->
